{"/Users/ecc0z25smlvcg/CoderComision31820/EjerciciosClase3y4/Clase23/nest-app/src/app.controller.ts": {"path":"/Users/ecc0z25smlvcg/CoderComision31820/EjerciciosClase3y4/Clase23/nest-app/src/app.controller.ts","statementMap":{"0":{"start":{"line":1,"column":0},"end":{"line":1,"column":49}},"1":{"start":{"line":2,"column":0},"end":{"line":2,"column":43}},"2":{"start":{"line":5,"column":7},"end":{"line":12,"column":null}},"3":{"start":{"line":6,"column":31},"end":{"line":6,"column":43}},"4":{"start":{"line":10,"column":4},"end":{"line":10,"column":38}},"5":{"start":{"line":8,"column":2},"end":{"line":11,"column":null}},"6":{"start":{"line":5,"column":13},"end":{"line":12,"column":null}},"7":{"start":{"line":5,"column":13},"end":{"line":5,"column":26}}},"fnMap":{"0":{"name":"(anonymous_2)","decl":{"start":{"line":6,"column":2},"end":{"line":6,"column":31}},"loc":{"start":{"line":6,"column":53},"end":{"line":6,"column":57}}},"1":{"name":"(anonymous_3)","decl":{"start":{"line":9,"column":2},"end":{"line":9,"column":10}},"loc":{"start":{"line":9,"column":10},"end":{"line":11,"column":3}}}},"branchMap":{},"s":{"0":2,"1":2,"2":2,"3":2,"4":2,"5":2,"6":2,"7":2},"f":{"0":2,"1":2},"b":{}}
,"/Users/ecc0z25smlvcg/CoderComision31820/EjerciciosClase3y4/Clase23/nest-app/src/app.module.ts": {"path":"/Users/ecc0z25smlvcg/CoderComision31820/EjerciciosClase3y4/Clase23/nest-app/src/app.module.ts","statementMap":{"0":{"start":{"line":1,"column":0},"end":{"line":1,"column":40}},"1":{"start":{"line":2,"column":0},"end":{"line":2,"column":49}},"2":{"start":{"line":3,"column":0},"end":{"line":3,"column":43}},"3":{"start":{"line":4,"column":0},"end":{"line":4,"column":48}},"4":{"start":{"line":11,"column":7},"end":{"line":11,"column":null}},"5":{"start":{"line":11,"column":13},"end":{"line":11,"column":null}},"6":{"start":{"line":11,"column":13},"end":{"line":11,"column":22}}},"fnMap":{},"branchMap":{},"s":{"0":1,"1":1,"2":1,"3":1,"4":1,"5":1,"6":1},"f":{},"b":{}}
,"/Users/ecc0z25smlvcg/CoderComision31820/EjerciciosClase3y4/Clase23/nest-app/src/app.service.ts": {"path":"/Users/ecc0z25smlvcg/CoderComision31820/EjerciciosClase3y4/Clase23/nest-app/src/app.service.ts","statementMap":{"0":{"start":{"line":1,"column":0},"end":{"line":1,"column":44}},"1":{"start":{"line":4,"column":7},"end":{"line":8,"column":null}},"2":{"start":{"line":6,"column":4},"end":{"line":6,"column":26}},"3":{"start":{"line":4,"column":13},"end":{"line":8,"column":null}},"4":{"start":{"line":4,"column":13},"end":{"line":4,"column":23}}},"fnMap":{"0":{"name":"(anonymous_1)","decl":{"start":{"line":5,"column":2},"end":{"line":5,"column":10}},"loc":{"start":{"line":5,"column":10},"end":{"line":7,"column":3}}}},"branchMap":{},"s":{"0":2,"1":2,"2":2,"3":2,"4":2},"f":{"0":2},"b":{}}
,"/Users/ecc0z25smlvcg/CoderComision31820/EjerciciosClase3y4/Clase23/nest-app/src/cats/cats.controller.ts": {"path":"/Users/ecc0z25smlvcg/CoderComision31820/EjerciciosClase3y4/Clase23/nest-app/src/cats/cats.controller.ts","statementMap":{"0":{"start":{"line":1,"column":0},"end":{"line":1,"column":68}},"1":{"start":{"line":2,"column":0},"end":{"line":2,"column":112}},"2":{"start":{"line":4,"column":0},"end":{"line":4,"column":53}},"3":{"start":{"line":5,"column":0},"end":{"line":5,"column":45}},"4":{"start":{"line":8,"column":7},"end":{"line":32,"column":null}},"5":{"start":{"line":9,"column":33},"end":{"line":9,"column":46}},"6":{"start":{"line":13,"column":8},"end":{"line":13,"column":52}},"7":{"start":{"line":30,"column":8},"end":{"line":30,"column":48}},"8":{"start":{"line":12,"column":10},"end":{"line":14,"column":null}},"9":{"start":{"line":29,"column":10},"end":{"line":31,"column":null}},"10":{"start":{"line":8,"column":13},"end":{"line":32,"column":null}},"11":{"start":{"line":8,"column":13},"end":{"line":8,"column":27}}},"fnMap":{"0":{"name":"(anonymous_4)","decl":{"start":{"line":9,"column":4},"end":{"line":9,"column":33}},"loc":{"start":{"line":9,"column":57},"end":{"line":9,"column":61}}},"1":{"name":"(anonymous_5)","decl":{"start":{"line":12,"column":4},"end":{"line":12,"column":9}},"loc":{"start":{"line":12,"column":51},"end":{"line":14,"column":5}}},"2":{"name":"(anonymous_6)","decl":{"start":{"line":29,"column":4},"end":{"line":29,"column":9}},"loc":{"start":{"line":29,"column":17},"end":{"line":31,"column":5}}}},"branchMap":{},"s":{"0":2,"1":2,"2":2,"3":2,"4":2,"5":4,"6":1,"7":1,"8":2,"9":2,"10":2,"11":2},"f":{"0":4,"1":1,"2":1},"b":{}}
,"/Users/ecc0z25smlvcg/CoderComision31820/EjerciciosClase3y4/Clase23/nest-app/src/cats/cats.module.ts": {"path":"/Users/ecc0z25smlvcg/CoderComision31820/EjerciciosClase3y4/Clase23/nest-app/src/cats/cats.module.ts","statementMap":{"0":{"start":{"line":1,"column":0},"end":{"line":1,"column":40}},"1":{"start":{"line":2,"column":0},"end":{"line":2,"column":51}},"2":{"start":{"line":3,"column":0},"end":{"line":3,"column":45}},"3":{"start":{"line":9,"column":7},"end":{"line":9,"column":null}},"4":{"start":{"line":9,"column":13},"end":{"line":9,"column":null}},"5":{"start":{"line":9,"column":13},"end":{"line":9,"column":23}}},"fnMap":{},"branchMap":{},"s":{"0":1,"1":1,"2":1,"3":1,"4":1,"5":1},"f":{},"b":{}}
,"/Users/ecc0z25smlvcg/CoderComision31820/EjerciciosClase3y4/Clase23/nest-app/src/cats/cats.service.ts": {"path":"/Users/ecc0z25smlvcg/CoderComision31820/EjerciciosClase3y4/Clase23/nest-app/src/cats/cats.service.ts","statementMap":{"0":{"start":{"line":1,"column":0},"end":{"line":1,"column":44}},"1":{"start":{"line":5,"column":7},"end":{"line":15,"column":null}},"2":{"start":{"line":6,"column":21},"end":{"line":6,"column":38}},"3":{"start":{"line":9,"column":8},"end":{"line":9,"column":34}},"4":{"start":{"line":13,"column":8},"end":{"line":13,"column":31}},"5":{"start":{"line":5,"column":13},"end":{"line":15,"column":null}},"6":{"start":{"line":5,"column":13},"end":{"line":5,"column":24}}},"fnMap":{"0":{"name":"(anonymous_1)","decl":{"start":{"line":5,"column":7},"end":{"line":5,"column":13}},"loc":{"start":{"line":5,"column":7},"end":{"line":15,"column":1}}},"1":{"name":"(anonymous_2)","decl":{"start":{"line":8,"column":4},"end":{"line":8,"column":9}},"loc":{"start":{"line":8,"column":25},"end":{"line":10,"column":5}}},"2":{"name":"(anonymous_3)","decl":{"start":{"line":12,"column":4},"end":{"line":12,"column":9}},"loc":{"start":{"line":12,"column":17},"end":{"line":14,"column":5}}}},"branchMap":{},"s":{"0":3,"1":3,"2":7,"3":1,"4":2,"5":3,"6":3},"f":{"0":7,"1":1,"2":2},"b":{}}
,"/Users/ecc0z25smlvcg/CoderComision31820/EjerciciosClase3y4/Clase23/nest-app/src/dto/create-cat.dto.ts": {"path":"/Users/ecc0z25smlvcg/CoderComision31820/EjerciciosClase3y4/Clase23/nest-app/src/dto/create-cat.dto.ts","statementMap":{"0":{"start":{"line":1,"column":0},"end":{"line":1,"column":46}},"1":{"start":{"line":2,"column":0},"end":{"line":2,"column":65}},"2":{"start":{"line":5,"column":4},"end":{"line":8,"column":null}},"3":{"start":{"line":10,"column":4},"end":{"line":13,"column":null}},"4":{"start":{"line":15,"column":4},"end":{"line":18,"column":null}},"5":{"start":{"line":4,"column":0},"end":{"line":4,"column":13}}},"fnMap":{},"branchMap":{},"s":{"0":2,"1":2,"2":2,"3":2,"4":2,"5":2},"f":{},"b":{}}
,"/Users/ecc0z25smlvcg/CoderComision31820/EjerciciosClase3y4/Clase23/nest-app/test/unit/cats/mocks/mock-cats.ts": {"path":"/Users/ecc0z25smlvcg/CoderComision31820/EjerciciosClase3y4/Clase23/nest-app/test/unit/cats/mocks/mock-cats.ts","statementMap":{"0":{"start":{"line":4,"column":27},"end":{"line":8,"column":2}},"1":{"start":{"line":29,"column":9},"end":{"line":29,"column":22}},"2":{"start":{"line":10,"column":30},"end":{"line":21,"column":2}},"3":{"start":{"line":29,"column":24},"end":{"line":29,"column":38}},"4":{"start":{"line":23,"column":39},"end":{"line":27,"column":2}},"5":{"start":{"line":29,"column":40},"end":{"line":29,"column":56}}},"fnMap":{},"branchMap":{},"s":{"0":2,"1":2,"2":2,"3":2,"4":2,"5":2},"f":{},"b":{}}
}
